<?xml version="1.0" encoding="UTF-8" ?>
<testsuite tests="1" failures="0" name="com.Harsha.PersonalLoanApplication.ProcessUnitTest" time="0.096" errors="1" skipped="0">
  <properties>
[...]
</properties>
  <testcase classname="com.Harsha.PersonalLoanApplication.ProcessUnitTest" name="testHappyPath" time="0.096">
    <error type="java.lang.NullPointerException">java.lang.NullPointerException
	at com.Harsha.PersonalLoanApplication.LoginValidation.execute(LoginValidation.java:15)
	at org.camunda.bpm.engine.impl.bpmn.delegate.JavaDelegateInvocation.invoke(JavaDelegateInvocation.java:40)
	at org.camunda.bpm.engine.impl.delegate.DelegateInvocation.proceed(DelegateInvocation.java:58)
	at org.camunda.bpm.engine.impl.delegate.DefaultDelegateInterceptor.handleInvocationInContext(DefaultDelegateInterceptor.java:92)
	at org.camunda.bpm.engine.impl.delegate.DefaultDelegateInterceptor.handleInvocation(DefaultDelegateInterceptor.java:63)
	at org.camunda.bpm.engine.impl.bpmn.behavior.ServiceTaskDelegateExpressionActivityBehavior$3.call(ServiceTaskDelegateExpressionActivityBehavior.java:118)
	at org.camunda.bpm.engine.impl.bpmn.behavior.ServiceTaskDelegateExpressionActivityBehavior$3.call(ServiceTaskDelegateExpressionActivityBehavior.java:102)
	at org.camunda.bpm.engine.impl.bpmn.behavior.AbstractBpmnActivityBehavior.executeWithErrorPropagation(AbstractBpmnActivityBehavior.java:90)
	at org.camunda.bpm.engine.impl.bpmn.behavior.ServiceTaskDelegateExpressionActivityBehavior.performExecution(ServiceTaskDelegateExpressionActivityBehavior.java:127)
	at org.camunda.bpm.engine.impl.bpmn.behavior.TaskActivityBehavior.execute(TaskActivityBehavior.java:69)
	at org.camunda.bpm.engine.impl.pvm.runtime.operation.PvmAtomicOperationActivityExecute$2.callback(PvmAtomicOperationActivityExecute.java:61)
	at org.camunda.bpm.engine.impl.pvm.runtime.operation.PvmAtomicOperationActivityExecute$2.callback(PvmAtomicOperationActivityExecute.java:50)
	at org.camunda.bpm.engine.impl.pvm.runtime.PvmExecutionImpl.continueIfExecutionDoesNotAffectNextOperation(PvmExecutionImpl.java:2036)
	at org.camunda.bpm.engine.impl.pvm.runtime.operation.PvmAtomicOperationActivityExecute.execute(PvmAtomicOperationActivityExecute.java:42)
	at org.camunda.bpm.engine.impl.pvm.runtime.operation.PvmAtomicOperationActivityExecute.execute(PvmAtomicOperationActivityExecute.java:31)
	at org.camunda.bpm.engine.impl.interceptor.AtomicOperationInvocation.execute(AtomicOperationInvocation.java:99)
	at org.camunda.bpm.engine.impl.interceptor.CommandInvocationContext.invokeNext(CommandInvocationContext.java:131)
	at org.camunda.bpm.engine.impl.interceptor.CommandInvocationContext.performNext(CommandInvocationContext.java:111)
	at org.camunda.bpm.engine.impl.interceptor.CommandInvocationContext.performOperation(CommandInvocationContext.java:86)
	at org.camunda.bpm.engine.impl.persistence.entity.ExecutionEntity.performOperation(ExecutionEntity.java:628)
	at org.camunda.bpm.engine.impl.persistence.entity.ExecutionEntity.performOperation(ExecutionEntity.java:602)
	at org.camunda.bpm.engine.impl.pvm.runtime.PvmExecutionImpl$6.callback(PvmExecutionImpl.java:1975)
	at org.camunda.bpm.engine.impl.pvm.runtime.PvmExecutionImpl$6.callback(PvmExecutionImpl.java:1972)
	at org.camunda.bpm.engine.impl.pvm.runtime.PvmExecutionImpl.continueExecutionIfNotCanceled(PvmExecutionImpl.java:2042)
	at org.camunda.bpm.engine.impl.pvm.runtime.PvmExecutionImpl.dispatchDelayedEventsAndPerformOperation(PvmExecutionImpl.java:1991)
	at org.camunda.bpm.engine.impl.pvm.runtime.PvmExecutionImpl.dispatchDelayedEventsAndPerformOperation(PvmExecutionImpl.java:1972)
	at org.camunda.bpm.engine.impl.pvm.runtime.operation.PvmAtomicOperationTransitionNotifyListenerStart.eventNotificationsCompleted(PvmAtomicOperationTransitionNotifyListenerStart.java:60)
	at org.camunda.bpm.engine.impl.pvm.runtime.operation.PvmAtomicOperationTransitionNotifyListenerStart.eventNotificationsCompleted(PvmAtomicOperationTransitionNotifyListenerStart.java:30)
	at org.camunda.bpm.engine.impl.core.operation.AbstractEventAtomicOperation.execute(AbstractEventAtomicOperation.java:66)
	at org.camunda.bpm.engine.impl.interceptor.AtomicOperationInvocation.execute(AtomicOperationInvocation.java:99)
	at org.camunda.bpm.engine.impl.interceptor.CommandInvocationContext.invokeNext(CommandInvocationContext.java:131)
	at org.camunda.bpm.engine.impl.interceptor.CommandInvocationContext.performNext(CommandInvocationContext.java:111)
	at org.camunda.bpm.engine.impl.interceptor.CommandInvocationContext.performOperation(CommandInvocationContext.java:86)
	at org.camunda.bpm.engine.impl.interceptor.CommandInvocationContext.performOperation(CommandInvocationContext.java:76)
	at org.camunda.bpm.engine.impl.persistence.entity.ExecutionEntity.performOperationSync(ExecutionEntity.java:637)
	at org.camunda.bpm.engine.impl.persistence.entity.ExecutionEntity.performOperationSync(ExecutionEntity.java:612)
	at org.camunda.bpm.engine.impl.core.operation.AbstractEventAtomicOperation.execute(AbstractEventAtomicOperation.java:62)
	at org.camunda.bpm.engine.impl.interceptor.AtomicOperationInvocation.execute(AtomicOperationInvocation.java:99)
	at org.camunda.bpm.engine.impl.interceptor.CommandInvocationContext.invokeNext(CommandInvocationContext.java:131)
	at org.camunda.bpm.engine.impl.interceptor.CommandInvocationContext.performNext(CommandInvocationContext.java:111)
	at org.camunda.bpm.engine.impl.interceptor.CommandInvocationContext.performOperation(CommandInvocationContext.java:86)
	at org.camunda.bpm.engine.impl.interceptor.CommandInvocationContext.performOperation(CommandInvocationContext.java:76)
	at org.camunda.bpm.engine.impl.persistence.entity.ExecutionEntity.performOperationSync(ExecutionEntity.java:637)
	at org.camunda.bpm.engine.impl.persistence.entity.ExecutionEntity.performOperationSync(ExecutionEntity.java:612)
	at org.camunda.bpm.engine.impl.core.operation.AbstractEventAtomicOperation.execute(AbstractEventAtomicOperation.java:62)
	at org.camunda.bpm.engine.impl.interceptor.AtomicOperationInvocation.execute(AtomicOperationInvocation.java:99)
	at org.camunda.bpm.engine.impl.interceptor.CommandInvocationContext.invokeNext(CommandInvocationContext.java:131)
	at org.camunda.bpm.engine.impl.interceptor.CommandInvocationContext.performNext(CommandInvocationContext.java:111)
	at org.camunda.bpm.engine.impl.interceptor.CommandInvocationContext.performOperation(CommandInvocationContext.java:86)
	at org.camunda.bpm.engine.impl.interceptor.CommandInvocationContext.performOperation(CommandInvocationContext.java:76)
	at org.camunda.bpm.engine.impl.persistence.entity.ExecutionEntity.performOperationSync(ExecutionEntity.java:637)
	at org.camunda.bpm.engine.impl.persistence.entity.ExecutionEntity.performOperationSync(ExecutionEntity.java:612)
	at org.camunda.bpm.engine.impl.core.operation.AbstractEventAtomicOperation.execute(AbstractEventAtomicOperation.java:62)
	at org.camunda.bpm.engine.impl.interceptor.AtomicOperationInvocation.execute(AtomicOperationInvocation.java:99)
	at org.camunda.bpm.engine.impl.interceptor.CommandInvocationContext.invokeNext(CommandInvocationContext.java:131)
	at org.camunda.bpm.engine.impl.interceptor.CommandInvocationContext.performNext(CommandInvocationContext.java:111)
	at org.camunda.bpm.engine.impl.interceptor.CommandInvocationContext.performOperation(CommandInvocationContext.java:86)
	at org.camunda.bpm.engine.impl.persistence.entity.ExecutionEntity.performOperation(ExecutionEntity.java:628)
	at org.camunda.bpm.engine.impl.persistence.entity.ExecutionEntity.performOperation(ExecutionEntity.java:602)
	at org.camunda.bpm.engine.impl.pvm.runtime.operation.PvmAtomicOperationTransitionCreateScope.scopeCreated(PvmAtomicOperationTransitionCreateScope.java:38)
	at org.camunda.bpm.engine.impl.pvm.runtime.operation.PvmAtomicOperationCreateScope.execute(PvmAtomicOperationCreateScope.java:54)
	at org.camunda.bpm.engine.impl.pvm.runtime.operation.PvmAtomicOperationCreateScope.execute(PvmAtomicOperationCreateScope.java:28)
	at org.camunda.bpm.engine.impl.interceptor.AtomicOperationInvocation.execute(AtomicOperationInvocation.java:99)
	at org.camunda.bpm.engine.impl.interceptor.CommandInvocationContext.invokeNext(CommandInvocationContext.java:131)
	at org.camunda.bpm.engine.impl.interceptor.CommandInvocationContext.performNext(CommandInvocationContext.java:118)
	at org.camunda.bpm.engine.impl.interceptor.CommandInvocationContext$1.call(CommandInvocationContext.java:102)
	at org.camunda.bpm.engine.impl.interceptor.CommandInvocationContext$1.call(CommandInvocationContext.java:100)
	at org.camunda.bpm.engine.impl.context.ProcessApplicationClassloaderInterceptor.call(ProcessApplicationClassloaderInterceptor.java:48)
	at org.camunda.bpm.application.AbstractProcessApplication.execute(AbstractProcessApplication.java:121)
	at org.camunda.bpm.application.AbstractProcessApplication.execute(AbstractProcessApplication.java:132)
	at org.camunda.bpm.engine.impl.context.Context.executeWithinProcessApplication(Context.java:206)
	at org.camunda.bpm.engine.impl.interceptor.CommandInvocationContext.performNext(CommandInvocationContext.java:100)
	at org.camunda.bpm.engine.impl.interceptor.CommandInvocationContext.performOperation(CommandInvocationContext.java:86)
	at org.camunda.bpm.engine.impl.persistence.entity.ExecutionEntity.performOperation(ExecutionEntity.java:628)
	at org.camunda.bpm.engine.impl.persistence.entity.ExecutionEntity.performOperation(ExecutionEntity.java:602)
	at org.camunda.bpm.engine.impl.pvm.runtime.PvmExecutionImpl.start(PvmExecutionImpl.java:287)
	at org.camunda.bpm.engine.impl.persistence.entity.ExecutionEntity.start(ExecutionEntity.java:458)
	at org.camunda.bpm.engine.impl.pvm.runtime.PvmExecutionImpl.start(PvmExecutionImpl.java:263)
	at org.camunda.bpm.engine.impl.cmd.StartProcessInstanceCmd.execute(StartProcessInstanceCmd.java:66)
	at org.camunda.bpm.engine.impl.cmd.StartProcessInstanceCmd.execute(StartProcessInstanceCmd.java:38)
	at org.camunda.bpm.engine.impl.interceptor.CommandExecutorImpl.execute(CommandExecutorImpl.java:28)
	at org.camunda.bpm.engine.impl.interceptor.CommandContextInterceptor.execute(CommandContextInterceptor.java:110)
	at org.camunda.bpm.engine.spring.SpringTransactionInterceptor$1.doInTransaction(SpringTransactionInterceptor.java:46)
	at org.springframework.transaction.support.TransactionTemplate.execute(TransactionTemplate.java:140)
	at org.camunda.bpm.engine.spring.SpringTransactionInterceptor.execute(SpringTransactionInterceptor.java:44)
	at org.camunda.bpm.engine.impl.interceptor.ProcessApplicationContextInterceptor.execute(ProcessApplicationContextInterceptor.java:70)
	at org.camunda.bpm.engine.impl.interceptor.CommandCounterInterceptor.execute(CommandCounterInterceptor.java:35)
	at org.camunda.bpm.engine.impl.interceptor.LogInterceptor.execute(LogInterceptor.java:33)
	at org.camunda.bpm.engine.impl.ProcessInstantiationBuilderImpl.executeWithVariablesInReturn(ProcessInstantiationBuilderImpl.java:166)
	at org.camunda.bpm.engine.impl.ProcessInstantiationBuilderImpl.execute(ProcessInstantiationBuilderImpl.java:132)
	at org.camunda.bpm.engine.impl.ProcessInstantiationBuilderImpl.execute(ProcessInstantiationBuilderImpl.java:128)
	at org.camunda.bpm.engine.impl.RuntimeServiceImpl.startProcessInstanceByKey(RuntimeServiceImpl.java:87)
	at com.Harsha.PersonalLoanApplication.ProcessUnitTest.testHappyPath(ProcessUnitTest.java:60)
	at sun.reflect.NativeMethodAccessorImpl.invoke0(Native Method)
	at sun.reflect.NativeMethodAccessorImpl.invoke(NativeMethodAccessorImpl.java:62)
	at sun.reflect.DelegatingMethodAccessorImpl.invoke(DelegatingMethodAccessorImpl.java:43)
	at java.lang.reflect.Method.invoke(Method.java:498)
	at org.junit.runners.model.FrameworkMethod$1.runReflectiveCall(FrameworkMethod.java:59)
	at org.junit.internal.runners.model.ReflectiveCallable.run(ReflectiveCallable.java:12)
	at org.junit.runners.model.FrameworkMethod.invokeExplosively(FrameworkMethod.java:56)
	at org.junit.internal.runners.statements.InvokeMethod.evaluate(InvokeMethod.java:17)
	at org.springframework.test.context.junit4.statements.RunBeforeTestExecutionCallbacks.evaluate(RunBeforeTestExecutionCallbacks.java:74)
	at org.springframework.test.context.junit4.statements.RunAfterTestExecutionCallbacks.evaluate(RunAfterTestExecutionCallbacks.java:84)
	at org.junit.internal.runners.statements.RunBefores.evaluate(RunBefores.java:26)
	at org.springframework.test.context.junit4.statements.RunBeforeTestMethodCallbacks.evaluate(RunBeforeTestMethodCallbacks.java:75)
	at org.springframework.test.context.junit4.statements.RunAfterTestMethodCallbacks.evaluate(RunAfterTestMethodCallbacks.java:86)
	at org.junit.rules.TestWatcher$1.evaluate(TestWatcher.java:61)
	at org.camunda.bpm.engine.test.ProcessEngineRule$1.evaluate(ProcessEngineRule.java:172)
	at org.springframework.test.context.junit4.statements.SpringRepeat.evaluate(SpringRepeat.java:84)
	at org.junit.runners.ParentRunner.runLeaf(ParentRunner.java:366)
	at org.springframework.test.context.junit4.SpringJUnit4ClassRunner.runChild(SpringJUnit4ClassRunner.java:251)
	at org.springframework.test.context.junit4.SpringJUnit4ClassRunner.runChild(SpringJUnit4ClassRunner.java:97)
	at org.junit.runners.ParentRunner$4.run(ParentRunner.java:331)
	at org.junit.runners.ParentRunner$1.schedule(ParentRunner.java:79)
	at org.junit.runners.ParentRunner.runChildren(ParentRunner.java:329)
	at org.junit.runners.ParentRunner.access$100(ParentRunner.java:66)
	at org.junit.runners.ParentRunner$2.evaluate(ParentRunner.java:293)
	at org.springframework.test.context.junit4.statements.RunBeforeTestClassCallbacks.evaluate(RunBeforeTestClassCallbacks.java:61)
	at org.springframework.test.context.junit4.statements.RunAfterTestClassCallbacks.evaluate(RunAfterTestClassCallbacks.java:70)
	at org.junit.runners.ParentRunner$3.evaluate(ParentRunner.java:306)
	at org.junit.runners.ParentRunner.run(ParentRunner.java:413)
	at org.springframework.test.context.junit4.SpringJUnit4ClassRunner.run(SpringJUnit4ClassRunner.java:190)
	at org.apache.maven.surefire.junit4.JUnit4Provider.execute(JUnit4Provider.java:252)
	at org.apache.maven.surefire.junit4.JUnit4Provider.executeTestSet(JUnit4Provider.java:141)
	at org.apache.maven.surefire.junit4.JUnit4Provider.invoke(JUnit4Provider.java:112)
	at sun.reflect.NativeMethodAccessorImpl.invoke0(Native Method)
	at sun.reflect.NativeMethodAccessorImpl.invoke(NativeMethodAccessorImpl.java:62)
	at sun.reflect.DelegatingMethodAccessorImpl.invoke(DelegatingMethodAccessorImpl.java:43)
	at java.lang.reflect.Method.invoke(Method.java:498)
	at org.apache.maven.surefire.util.ReflectionUtils.invokeMethodWithArray(ReflectionUtils.java:189)
	at org.apache.maven.surefire.booter.ProviderFactory$ProviderProxy.invoke(ProviderFactory.java:165)
	at org.apache.maven.surefire.booter.ProviderFactory.invokeProvider(ProviderFactory.java:85)
	at org.apache.maven.surefire.booter.ForkedBooter.runSuitesInProcess(ForkedBooter.java:115)
	at org.apache.maven.surefire.booter.ForkedBooter.main(ForkedBooter.java:75)
</error>
    <system-out>14:35:40.458 [main] INFO  o.s.b.t.c.SpringBootTestContextBootstrapper - Neither @ContextConfiguration nor @ContextHierarchy found for test class [com.Harsha.PersonalLoanApplication.ProcessUnitTest], using SpringBootContextLoader
14:35:40.460 [main] INFO  o.s.t.c.s.AbstractContextLoader - Could not detect default resource locations for test class [com.Harsha.PersonalLoanApplication.ProcessUnitTest]: no resource found for suffixes {-context.xml, Context.groovy}.
14:35:40.460 [main] INFO  o.s.t.c.s.AnnotationConfigContextLoaderUtils - Could not detect default configuration classes for test class [com.Harsha.PersonalLoanApplication.ProcessUnitTest]: ProcessUnitTest does not declare any static, non-private, non-final, nested classes annotated with @Configuration.
14:35:40.463 [main] INFO  o.s.b.t.c.SpringBootTestContextBootstrapper - Found @SpringBootConfiguration com.Harsha.PersonalLoanApplication.CamundaApplication for test class com.Harsha.PersonalLoanApplication.ProcessUnitTest
14:35:40.467 [main] INFO  o.s.b.t.c.SpringBootTestContextBootstrapper - Loaded default TestExecutionListener class names from location [META-INF/spring.factories]: [org.springframework.boot.test.mock.mockito.MockitoTestExecutionListener, org.springframework.boot.test.mock.mockito.ResetMocksTestExecutionListener, org.springframework.boot.test.autoconfigure.restdocs.RestDocsTestExecutionListener, org.springframework.boot.test.autoconfigure.web.client.MockRestServiceServerResetTestExecutionListener, org.springframework.boot.test.autoconfigure.web.servlet.MockMvcPrintOnlyOnFailureTestExecutionListener, org.springframework.boot.test.autoconfigure.web.servlet.WebDriverTestExecutionListener, org.springframework.boot.test.autoconfigure.webservices.client.MockWebServiceServerTestExecutionListener, org.springframework.test.context.web.ServletTestExecutionListener, org.springframework.test.context.support.DirtiesContextBeforeModesTestExecutionListener, org.springframework.test.context.support.DependencyInjectionTestExecutionListener, org.springframework.test.context.support.DirtiesContextTestExecutionListener, org.springframework.test.context.transaction.TransactionalTestExecutionListener, org.springframework.test.context.jdbc.SqlScriptsTestExecutionListener, org.springframework.test.context.event.EventPublishingTestExecutionListener]
14:35:40.467 [main] INFO  o.s.b.t.c.SpringBootTestContextBootstrapper - Using TestExecutionListeners: [org.springframework.test.context.web.ServletTestExecutionListener@1331d6fd, org.springframework.test.context.support.DirtiesContextBeforeModesTestExecutionListener@6b6c0b7c, org.springframework.boot.test.mock.mockito.MockitoTestExecutionListener@5b1f0f26, org.springframework.boot.test.autoconfigure.SpringBootDependencyInjectionTestExecutionListener@7120daa6, org.springframework.test.context.support.DirtiesContextTestExecutionListener@6cbb6c41, org.springframework.test.context.transaction.TransactionalTestExecutionListener@6787bd41, org.springframework.test.context.jdbc.SqlScriptsTestExecutionListener@44c2e8a8, org.springframework.test.context.event.EventPublishingTestExecutionListener@3340ff7c, org.springframework.boot.test.mock.mockito.ResetMocksTestExecutionListener@42e4431, org.springframework.boot.test.autoconfigure.restdocs.RestDocsTestExecutionListener@5e198c40, org.springframework.boot.test.autoconfigure.web.client.MockRestServiceServerResetTestExecutionListener@dcdb883, org.springframework.boot.test.autoconfigure.web.servlet.MockMvcPrintOnlyOnFailureTestExecutionListener@39420d59, org.springframework.boot.test.autoconfigure.web.servlet.WebDriverTestExecutionListener@4fbbd98c, org.springframework.boot.test.autoconfigure.webservices.client.MockWebServiceServerTestExecutionListener@5dd227b7]
14:35:40.472 [main] WARN  o.c.b.e.p.j.r.TestCoverageProcessEngineRule - CompensationEventCoverageHandler not registered with process engine configuration! Compensation boundary events coverage will not be registered.
14:35:40.472 [main] DEBUG org.camunda.bpm.engine.test - annotation @Deployment creates deployment for ProcessUnitTest.testHappyPath
nullnull
14:35:40.538 [main] ERROR org.camunda.bpm.engine.context - ENGINE-16004 Exception while closing command context: null
java.lang.NullPointerException: null
	at com.Harsha.PersonalLoanApplication.LoginValidation.execute(LoginValidation.java:15)
	at org.camunda.bpm.engine.impl.bpmn.delegate.JavaDelegateInvocation.invoke(JavaDelegateInvocation.java:40)
	at org.camunda.bpm.engine.impl.delegate.DelegateInvocation.proceed(DelegateInvocation.java:58)
	at org.camunda.bpm.engine.impl.delegate.DefaultDelegateInterceptor.handleInvocationInContext(DefaultDelegateInterceptor.java:92)
	at org.camunda.bpm.engine.impl.delegate.DefaultDelegateInterceptor.handleInvocation(DefaultDelegateInterceptor.java:63)
	at org.camunda.bpm.engine.impl.bpmn.behavior.ServiceTaskDelegateExpressionActivityBehavior$3.call(ServiceTaskDelegateExpressionActivityBehavior.java:118)
	at org.camunda.bpm.engine.impl.bpmn.behavior.ServiceTaskDelegateExpressionActivityBehavior$3.call(ServiceTaskDelegateExpressionActivityBehavior.java:102)
	at org.camunda.bpm.engine.impl.bpmn.behavior.AbstractBpmnActivityBehavior.executeWithErrorPropagation(AbstractBpmnActivityBehavior.java:90)
	at org.camunda.bpm.engine.impl.bpmn.behavior.ServiceTaskDelegateExpressionActivityBehavior.performExecution(ServiceTaskDelegateExpressionActivityBehavior.java:127)
	at org.camunda.bpm.engine.impl.bpmn.behavior.TaskActivityBehavior.execute(TaskActivityBehavior.java:69)
	at org.camunda.bpm.engine.impl.pvm.runtime.operation.PvmAtomicOperationActivityExecute$2.callback(PvmAtomicOperationActivityExecute.java:61)
	at org.camunda.bpm.engine.impl.pvm.runtime.operation.PvmAtomicOperationActivityExecute$2.callback(PvmAtomicOperationActivityExecute.java:50)
	at org.camunda.bpm.engine.impl.pvm.runtime.PvmExecutionImpl.continueIfExecutionDoesNotAffectNextOperation(PvmExecutionImpl.java:2036)
	at org.camunda.bpm.engine.impl.pvm.runtime.operation.PvmAtomicOperationActivityExecute.execute(PvmAtomicOperationActivityExecute.java:42)
	at org.camunda.bpm.engine.impl.pvm.runtime.operation.PvmAtomicOperationActivityExecute.execute(PvmAtomicOperationActivityExecute.java:31)
	at org.camunda.bpm.engine.impl.interceptor.AtomicOperationInvocation.execute(AtomicOperationInvocation.java:99)
	at org.camunda.bpm.engine.impl.interceptor.CommandInvocationContext.invokeNext(CommandInvocationContext.java:131)
	at org.camunda.bpm.engine.impl.interceptor.CommandInvocationContext.performNext(CommandInvocationContext.java:111)
	at org.camunda.bpm.engine.impl.interceptor.CommandInvocationContext.performOperation(CommandInvocationContext.java:86)
	at org.camunda.bpm.engine.impl.persistence.entity.ExecutionEntity.performOperation(ExecutionEntity.java:628)
	at org.camunda.bpm.engine.impl.persistence.entity.ExecutionEntity.performOperation(ExecutionEntity.java:602)
	at org.camunda.bpm.engine.impl.pvm.runtime.PvmExecutionImpl$6.callback(PvmExecutionImpl.java:1975)
	at org.camunda.bpm.engine.impl.pvm.runtime.PvmExecutionImpl$6.callback(PvmExecutionImpl.java:1972)
	at org.camunda.bpm.engine.impl.pvm.runtime.PvmExecutionImpl.continueExecutionIfNotCanceled(PvmExecutionImpl.java:2042)
	at org.camunda.bpm.engine.impl.pvm.runtime.PvmExecutionImpl.dispatchDelayedEventsAndPerformOperation(PvmExecutionImpl.java:1991)
	at org.camunda.bpm.engine.impl.pvm.runtime.PvmExecutionImpl.dispatchDelayedEventsAndPerformOperation(PvmExecutionImpl.java:1972)
	at org.camunda.bpm.engine.impl.pvm.runtime.operation.PvmAtomicOperationTransitionNotifyListenerStart.eventNotificationsCompleted(PvmAtomicOperationTransitionNotifyListenerStart.java:60)
	at org.camunda.bpm.engine.impl.pvm.runtime.operation.PvmAtomicOperationTransitionNotifyListenerStart.eventNotificationsCompleted(PvmAtomicOperationTransitionNotifyListenerStart.java:30)
	at org.camunda.bpm.engine.impl.core.operation.AbstractEventAtomicOperation.execute(AbstractEventAtomicOperation.java:66)
	at org.camunda.bpm.engine.impl.interceptor.AtomicOperationInvocation.execute(AtomicOperationInvocation.java:99)
	at org.camunda.bpm.engine.impl.interceptor.CommandInvocationContext.invokeNext(CommandInvocationContext.java:131)
	at org.camunda.bpm.engine.impl.interceptor.CommandInvocationContext.performNext(CommandInvocationContext.java:111)
	at org.camunda.bpm.engine.impl.interceptor.CommandInvocationContext.performOperation(CommandInvocationContext.java:86)
	at org.camunda.bpm.engine.impl.interceptor.CommandInvocationContext.performOperation(CommandInvocationContext.java:76)
	at org.camunda.bpm.engine.impl.persistence.entity.ExecutionEntity.performOperationSync(ExecutionEntity.java:637)
	at org.camunda.bpm.engine.impl.persistence.entity.ExecutionEntity.performOperationSync(ExecutionEntity.java:612)
	at org.camunda.bpm.engine.impl.core.operation.AbstractEventAtomicOperation.execute(AbstractEventAtomicOperation.java:62)
	at org.camunda.bpm.engine.impl.interceptor.AtomicOperationInvocation.execute(AtomicOperationInvocation.java:99)
	at org.camunda.bpm.engine.impl.interceptor.CommandInvocationContext.invokeNext(CommandInvocationContext.java:131)
	at org.camunda.bpm.engine.impl.interceptor.CommandInvocationContext.performNext(CommandInvocationContext.java:111)
	at org.camunda.bpm.engine.impl.interceptor.CommandInvocationContext.performOperation(CommandInvocationContext.java:86)
	at org.camunda.bpm.engine.impl.interceptor.CommandInvocationContext.performOperation(CommandInvocationContext.java:76)
	at org.camunda.bpm.engine.impl.persistence.entity.ExecutionEntity.performOperationSync(ExecutionEntity.java:637)
	at org.camunda.bpm.engine.impl.persistence.entity.ExecutionEntity.performOperationSync(ExecutionEntity.java:612)
	at org.camunda.bpm.engine.impl.core.operation.AbstractEventAtomicOperation.execute(AbstractEventAtomicOperation.java:62)
	at org.camunda.bpm.engine.impl.interceptor.AtomicOperationInvocation.execute(AtomicOperationInvocation.java:99)
	at org.camunda.bpm.engine.impl.interceptor.CommandInvocationContext.invokeNext(CommandInvocationContext.java:131)
	at org.camunda.bpm.engine.impl.interceptor.CommandInvocationContext.performNext(CommandInvocationContext.java:111)
	at org.camunda.bpm.engine.impl.interceptor.CommandInvocationContext.performOperation(CommandInvocationContext.java:86)
	at org.camunda.bpm.engine.impl.interceptor.CommandInvocationContext.performOperation(CommandInvocationContext.java:76)
	at org.camunda.bpm.engine.impl.persistence.entity.ExecutionEntity.performOperationSync(ExecutionEntity.java:637)
	at org.camunda.bpm.engine.impl.persistence.entity.ExecutionEntity.performOperationSync(ExecutionEntity.java:612)
	at org.camunda.bpm.engine.impl.core.operation.AbstractEventAtomicOperation.execute(AbstractEventAtomicOperation.java:62)
	at org.camunda.bpm.engine.impl.interceptor.AtomicOperationInvocation.execute(AtomicOperationInvocation.java:99)
	at org.camunda.bpm.engine.impl.interceptor.CommandInvocationContext.invokeNext(CommandInvocationContext.java:131)
	at org.camunda.bpm.engine.impl.interceptor.CommandInvocationContext.performNext(CommandInvocationContext.java:111)
	at org.camunda.bpm.engine.impl.interceptor.CommandInvocationContext.performOperation(CommandInvocationContext.java:86)
	at org.camunda.bpm.engine.impl.persistence.entity.ExecutionEntity.performOperation(ExecutionEntity.java:628)
	at org.camunda.bpm.engine.impl.persistence.entity.ExecutionEntity.performOperation(ExecutionEntity.java:602)
	at org.camunda.bpm.engine.impl.pvm.runtime.operation.PvmAtomicOperationTransitionCreateScope.scopeCreated(PvmAtomicOperationTransitionCreateScope.java:38)
	at org.camunda.bpm.engine.impl.pvm.runtime.operation.PvmAtomicOperationCreateScope.execute(PvmAtomicOperationCreateScope.java:54)
	at org.camunda.bpm.engine.impl.pvm.runtime.operation.PvmAtomicOperationCreateScope.execute(PvmAtomicOperationCreateScope.java:28)
	at org.camunda.bpm.engine.impl.interceptor.AtomicOperationInvocation.execute(AtomicOperationInvocation.java:99)
	at org.camunda.bpm.engine.impl.interceptor.CommandInvocationContext.invokeNext(CommandInvocationContext.java:131)
	at org.camunda.bpm.engine.impl.interceptor.CommandInvocationContext.performNext(CommandInvocationContext.java:118)
	at org.camunda.bpm.engine.impl.interceptor.CommandInvocationContext$1.call(CommandInvocationContext.java:102)
	at org.camunda.bpm.engine.impl.interceptor.CommandInvocationContext$1.call(CommandInvocationContext.java:100)
	at org.camunda.bpm.engine.impl.context.ProcessApplicationClassloaderInterceptor.call(ProcessApplicationClassloaderInterceptor.java:48)
	at org.camunda.bpm.application.AbstractProcessApplication.execute(AbstractProcessApplication.java:121)
	at org.camunda.bpm.application.AbstractProcessApplication.execute(AbstractProcessApplication.java:132)
	at org.camunda.bpm.engine.impl.context.Context.executeWithinProcessApplication(Context.java:206)
	at org.camunda.bpm.engine.impl.interceptor.CommandInvocationContext.performNext(CommandInvocationContext.java:100)
	at org.camunda.bpm.engine.impl.interceptor.CommandInvocationContext.performOperation(CommandInvocationContext.java:86)
	at org.camunda.bpm.engine.impl.persistence.entity.ExecutionEntity.performOperation(ExecutionEntity.java:628)
	at org.camunda.bpm.engine.impl.persistence.entity.ExecutionEntity.performOperation(ExecutionEntity.java:602)
	at org.camunda.bpm.engine.impl.pvm.runtime.PvmExecutionImpl.start(PvmExecutionImpl.java:287)
	at org.camunda.bpm.engine.impl.persistence.entity.ExecutionEntity.start(ExecutionEntity.java:458)
	at org.camunda.bpm.engine.impl.pvm.runtime.PvmExecutionImpl.start(PvmExecutionImpl.java:263)
	at org.camunda.bpm.engine.impl.cmd.StartProcessInstanceCmd.execute(StartProcessInstanceCmd.java:66)
	at org.camunda.bpm.engine.impl.cmd.StartProcessInstanceCmd.execute(StartProcessInstanceCmd.java:38)
	at org.camunda.bpm.engine.impl.interceptor.CommandExecutorImpl.execute(CommandExecutorImpl.java:28)
	at org.camunda.bpm.engine.impl.interceptor.CommandContextInterceptor.execute(CommandContextInterceptor.java:110)
	at org.camunda.bpm.engine.spring.SpringTransactionInterceptor$1.doInTransaction(SpringTransactionInterceptor.java:46)
	at org.springframework.transaction.support.TransactionTemplate.execute(TransactionTemplate.java:140)
	at org.camunda.bpm.engine.spring.SpringTransactionInterceptor.execute(SpringTransactionInterceptor.java:44)
	at org.camunda.bpm.engine.impl.interceptor.ProcessApplicationContextInterceptor.execute(ProcessApplicationContextInterceptor.java:70)
	at org.camunda.bpm.engine.impl.interceptor.CommandCounterInterceptor.execute(CommandCounterInterceptor.java:35)
	at org.camunda.bpm.engine.impl.interceptor.LogInterceptor.execute(LogInterceptor.java:33)
	at org.camunda.bpm.engine.impl.ProcessInstantiationBuilderImpl.executeWithVariablesInReturn(ProcessInstantiationBuilderImpl.java:166)
	at org.camunda.bpm.engine.impl.ProcessInstantiationBuilderImpl.execute(ProcessInstantiationBuilderImpl.java:132)
	at org.camunda.bpm.engine.impl.ProcessInstantiationBuilderImpl.execute(ProcessInstantiationBuilderImpl.java:128)
	at org.camunda.bpm.engine.impl.RuntimeServiceImpl.startProcessInstanceByKey(RuntimeServiceImpl.java:87)
	at com.Harsha.PersonalLoanApplication.ProcessUnitTest.testHappyPath(ProcessUnitTest.java:60)
	at sun.reflect.NativeMethodAccessorImpl.invoke0(Native Method)
	at sun.reflect.NativeMethodAccessorImpl.invoke(NativeMethodAccessorImpl.java:62)
	at sun.reflect.DelegatingMethodAccessorImpl.invoke(DelegatingMethodAccessorImpl.java:43)
	at java.lang.reflect.Method.invoke(Method.java:498)
	at org.junit.runners.model.FrameworkMethod$1.runReflectiveCall(FrameworkMethod.java:59)
	at org.junit.internal.runners.model.ReflectiveCallable.run(ReflectiveCallable.java:12)
	at org.junit.runners.model.FrameworkMethod.invokeExplosively(FrameworkMethod.java:56)
	at org.junit.internal.runners.statements.InvokeMethod.evaluate(InvokeMethod.java:17)
	at org.springframework.test.context.junit4.statements.RunBeforeTestExecutionCallbacks.evaluate(RunBeforeTestExecutionCallbacks.java:74)
	at org.springframework.test.context.junit4.statements.RunAfterTestExecutionCallbacks.evaluate(RunAfterTestExecutionCallbacks.java:84)
	at org.junit.internal.runners.statements.RunBefores.evaluate(RunBefores.java:26)
	at org.springframework.test.context.junit4.statements.RunBeforeTestMethodCallbacks.evaluate(RunBeforeTestMethodCallbacks.java:75)
	at org.springframework.test.context.junit4.statements.RunAfterTestMethodCallbacks.evaluate(RunAfterTestMethodCallbacks.java:86)
	at org.junit.rules.TestWatcher$1.evaluate(TestWatcher.java:61)
	at org.camunda.bpm.engine.test.ProcessEngineRule$1.evaluate(ProcessEngineRule.java:172)
	at org.springframework.test.context.junit4.statements.SpringRepeat.evaluate(SpringRepeat.java:84)
	at org.junit.runners.ParentRunner.runLeaf(ParentRunner.java:366)
	at org.springframework.test.context.junit4.SpringJUnit4ClassRunner.runChild(SpringJUnit4ClassRunner.java:251)
	at org.springframework.test.context.junit4.SpringJUnit4ClassRunner.runChild(SpringJUnit4ClassRunner.java:97)
	at org.junit.runners.ParentRunner$4.run(ParentRunner.java:331)
	at org.junit.runners.ParentRunner$1.schedule(ParentRunner.java:79)
	at org.junit.runners.ParentRunner.runChildren(ParentRunner.java:329)
	at org.junit.runners.ParentRunner.access$100(ParentRunner.java:66)
	at org.junit.runners.ParentRunner$2.evaluate(ParentRunner.java:293)
	at org.springframework.test.context.junit4.statements.RunBeforeTestClassCallbacks.evaluate(RunBeforeTestClassCallbacks.java:61)
	at org.springframework.test.context.junit4.statements.RunAfterTestClassCallbacks.evaluate(RunAfterTestClassCallbacks.java:70)
	at org.junit.runners.ParentRunner$3.evaluate(ParentRunner.java:306)
	at org.junit.runners.ParentRunner.run(ParentRunner.java:413)
	at org.springframework.test.context.junit4.SpringJUnit4ClassRunner.run(SpringJUnit4ClassRunner.java:190)
	at org.apache.maven.surefire.junit4.JUnit4Provider.execute(JUnit4Provider.java:252)
	at org.apache.maven.surefire.junit4.JUnit4Provider.executeTestSet(JUnit4Provider.java:141)
	at org.apache.maven.surefire.junit4.JUnit4Provider.invoke(JUnit4Provider.java:112)
	at sun.reflect.NativeMethodAccessorImpl.invoke0(Native Method)
	at sun.reflect.NativeMethodAccessorImpl.invoke(NativeMethodAccessorImpl.java:62)
	at sun.reflect.DelegatingMethodAccessorImpl.invoke(DelegatingMethodAccessorImpl.java:43)
	at java.lang.reflect.Method.invoke(Method.java:498)
	at org.apache.maven.surefire.util.ReflectionUtils.invokeMethodWithArray(ReflectionUtils.java:189)
	at org.apache.maven.surefire.booter.ProviderFactory$ProviderProxy.invoke(ProviderFactory.java:165)
	at org.apache.maven.surefire.booter.ProviderFactory.invokeProvider(ProviderFactory.java:85)
	at org.apache.maven.surefire.booter.ForkedBooter.runSuitesInProcess(ForkedBooter.java:115)
	at org.apache.maven.surefire.booter.ForkedBooter.main(ForkedBooter.java:75)
14:35:40.543 [main] INFO  o.c.b.e.p.j.r.TestCoverageProcessEngineRule - testHappyPath(com.Harsha.PersonalLoanApplication.ProcessUnitTest) failed.
14:35:40.545 [main] INFO  o.c.b.e.p.j.r.TestCoverageProcessEngineRule - testHappyPath test method coverage is 0.0
14:35:40.554 [main] DEBUG org.camunda.bpm.engine.test - annotation @Deployment deletes deployment for ProcessUnitTest.testHappyPath
</system-out>
  </testcase>
</testsuite>