<?xml version="1.0" encoding="UTF-8" ?>
<testsuite tests="1" failures="0" name="com.Harsha.PersonalLoanApplication.InMemoryH2Test" time="0.848" errors="1" skipped="0">
  <properties>
[...]
</properties>
  <testcase classname="com.Harsha.PersonalLoanApplication.InMemoryH2Test" name="testHappyPath" time="0.848">
    <error message="Unknown property used in expression: ${LoginCheck}. Cause: Cannot resolve identifier &apos;LoginCheck&apos;" type="org.camunda.bpm.engine.ProcessEngineException">org.camunda.bpm.engine.ProcessEngineException: Unknown property used in expression: ${LoginCheck}. Cause: Cannot resolve identifier &apos;LoginCheck&apos;
	at org.camunda.bpm.engine.impl.el.JuelExpression.getValue(JuelExpression.java:63)
	at org.camunda.bpm.engine.impl.el.JuelExpression.getValue(JuelExpression.java:51)
	at org.camunda.bpm.engine.impl.bpmn.behavior.ServiceTaskDelegateExpressionActivityBehavior$3.call(ServiceTaskDelegateExpressionActivityBehavior.java:107)
	at org.camunda.bpm.engine.impl.bpmn.behavior.ServiceTaskDelegateExpressionActivityBehavior$3.call(ServiceTaskDelegateExpressionActivityBehavior.java:102)
	at org.camunda.bpm.engine.impl.bpmn.behavior.AbstractBpmnActivityBehavior.executeWithErrorPropagation(AbstractBpmnActivityBehavior.java:90)
	at org.camunda.bpm.engine.impl.bpmn.behavior.ServiceTaskDelegateExpressionActivityBehavior.performExecution(ServiceTaskDelegateExpressionActivityBehavior.java:127)
	at org.camunda.bpm.engine.impl.bpmn.behavior.TaskActivityBehavior.execute(TaskActivityBehavior.java:69)
	at org.camunda.bpm.engine.impl.pvm.runtime.operation.PvmAtomicOperationActivityExecute$2.callback(PvmAtomicOperationActivityExecute.java:61)
	at org.camunda.bpm.engine.impl.pvm.runtime.operation.PvmAtomicOperationActivityExecute$2.callback(PvmAtomicOperationActivityExecute.java:50)
	at org.camunda.bpm.engine.impl.pvm.runtime.PvmExecutionImpl.continueIfExecutionDoesNotAffectNextOperation(PvmExecutionImpl.java:2036)
	at org.camunda.bpm.engine.impl.pvm.runtime.operation.PvmAtomicOperationActivityExecute.execute(PvmAtomicOperationActivityExecute.java:42)
	at org.camunda.bpm.engine.impl.pvm.runtime.operation.PvmAtomicOperationActivityExecute.execute(PvmAtomicOperationActivityExecute.java:31)
	at org.camunda.bpm.engine.impl.interceptor.AtomicOperationInvocation.execute(AtomicOperationInvocation.java:99)
	at org.camunda.bpm.engine.impl.interceptor.CommandInvocationContext.invokeNext(CommandInvocationContext.java:131)
	at org.camunda.bpm.engine.impl.interceptor.CommandInvocationContext.performNext(CommandInvocationContext.java:111)
	at org.camunda.bpm.engine.impl.interceptor.CommandInvocationContext.performOperation(CommandInvocationContext.java:86)
	at org.camunda.bpm.engine.impl.persistence.entity.ExecutionEntity.performOperation(ExecutionEntity.java:628)
	at org.camunda.bpm.engine.impl.persistence.entity.ExecutionEntity.performOperation(ExecutionEntity.java:602)
	at org.camunda.bpm.engine.impl.pvm.runtime.PvmExecutionImpl$6.callback(PvmExecutionImpl.java:1975)
	at org.camunda.bpm.engine.impl.pvm.runtime.PvmExecutionImpl$6.callback(PvmExecutionImpl.java:1972)
	at org.camunda.bpm.engine.impl.pvm.runtime.PvmExecutionImpl.continueExecutionIfNotCanceled(PvmExecutionImpl.java:2042)
	at org.camunda.bpm.engine.impl.pvm.runtime.PvmExecutionImpl.dispatchDelayedEventsAndPerformOperation(PvmExecutionImpl.java:1991)
	at org.camunda.bpm.engine.impl.pvm.runtime.PvmExecutionImpl.dispatchDelayedEventsAndPerformOperation(PvmExecutionImpl.java:1972)
	at org.camunda.bpm.engine.impl.pvm.runtime.operation.PvmAtomicOperationTransitionNotifyListenerStart.eventNotificationsCompleted(PvmAtomicOperationTransitionNotifyListenerStart.java:60)
	at org.camunda.bpm.engine.impl.pvm.runtime.operation.PvmAtomicOperationTransitionNotifyListenerStart.eventNotificationsCompleted(PvmAtomicOperationTransitionNotifyListenerStart.java:30)
	at org.camunda.bpm.engine.impl.core.operation.AbstractEventAtomicOperation.execute(AbstractEventAtomicOperation.java:66)
	at org.camunda.bpm.engine.impl.interceptor.AtomicOperationInvocation.execute(AtomicOperationInvocation.java:99)
	at org.camunda.bpm.engine.impl.interceptor.CommandInvocationContext.invokeNext(CommandInvocationContext.java:131)
	at org.camunda.bpm.engine.impl.interceptor.CommandInvocationContext.performNext(CommandInvocationContext.java:111)
	at org.camunda.bpm.engine.impl.interceptor.CommandInvocationContext.performOperation(CommandInvocationContext.java:86)
	at org.camunda.bpm.engine.impl.interceptor.CommandInvocationContext.performOperation(CommandInvocationContext.java:76)
	at org.camunda.bpm.engine.impl.persistence.entity.ExecutionEntity.performOperationSync(ExecutionEntity.java:637)
	at org.camunda.bpm.engine.impl.persistence.entity.ExecutionEntity.performOperationSync(ExecutionEntity.java:612)
	at org.camunda.bpm.engine.impl.core.operation.AbstractEventAtomicOperation.execute(AbstractEventAtomicOperation.java:62)
	at org.camunda.bpm.engine.impl.interceptor.AtomicOperationInvocation.execute(AtomicOperationInvocation.java:99)
	at org.camunda.bpm.engine.impl.interceptor.CommandInvocationContext.invokeNext(CommandInvocationContext.java:131)
	at org.camunda.bpm.engine.impl.interceptor.CommandInvocationContext.performNext(CommandInvocationContext.java:111)
	at org.camunda.bpm.engine.impl.interceptor.CommandInvocationContext.performOperation(CommandInvocationContext.java:86)
	at org.camunda.bpm.engine.impl.interceptor.CommandInvocationContext.performOperation(CommandInvocationContext.java:76)
	at org.camunda.bpm.engine.impl.persistence.entity.ExecutionEntity.performOperationSync(ExecutionEntity.java:637)
	at org.camunda.bpm.engine.impl.persistence.entity.ExecutionEntity.performOperationSync(ExecutionEntity.java:612)
	at org.camunda.bpm.engine.impl.core.operation.AbstractEventAtomicOperation.execute(AbstractEventAtomicOperation.java:62)
	at org.camunda.bpm.engine.impl.interceptor.AtomicOperationInvocation.execute(AtomicOperationInvocation.java:99)
	at org.camunda.bpm.engine.impl.interceptor.CommandInvocationContext.invokeNext(CommandInvocationContext.java:131)
	at org.camunda.bpm.engine.impl.interceptor.CommandInvocationContext.performNext(CommandInvocationContext.java:111)
	at org.camunda.bpm.engine.impl.interceptor.CommandInvocationContext.performOperation(CommandInvocationContext.java:86)
	at org.camunda.bpm.engine.impl.persistence.entity.ExecutionEntity.performOperation(ExecutionEntity.java:628)
	at org.camunda.bpm.engine.impl.persistence.entity.ExecutionEntity.performOperation(ExecutionEntity.java:602)
	at org.camunda.bpm.engine.impl.pvm.runtime.operation.PvmAtomicOperationTransitionCreateScope.scopeCreated(PvmAtomicOperationTransitionCreateScope.java:38)
	at org.camunda.bpm.engine.impl.pvm.runtime.operation.PvmAtomicOperationCreateScope.execute(PvmAtomicOperationCreateScope.java:54)
	at org.camunda.bpm.engine.impl.pvm.runtime.operation.PvmAtomicOperationCreateScope.execute(PvmAtomicOperationCreateScope.java:28)
	at org.camunda.bpm.engine.impl.interceptor.AtomicOperationInvocation.execute(AtomicOperationInvocation.java:99)
	at org.camunda.bpm.engine.impl.interceptor.CommandInvocationContext.invokeNext(CommandInvocationContext.java:131)
	at org.camunda.bpm.engine.impl.interceptor.CommandInvocationContext.performNext(CommandInvocationContext.java:118)
	at org.camunda.bpm.engine.impl.interceptor.CommandInvocationContext.performOperation(CommandInvocationContext.java:86)
	at org.camunda.bpm.engine.impl.persistence.entity.ExecutionEntity.performOperation(ExecutionEntity.java:628)
	at org.camunda.bpm.engine.impl.persistence.entity.ExecutionEntity.performOperation(ExecutionEntity.java:602)
	at org.camunda.bpm.engine.impl.pvm.runtime.PvmExecutionImpl.start(PvmExecutionImpl.java:287)
	at org.camunda.bpm.engine.impl.persistence.entity.ExecutionEntity.start(ExecutionEntity.java:458)
	at org.camunda.bpm.engine.impl.pvm.runtime.PvmExecutionImpl.start(PvmExecutionImpl.java:263)
	at org.camunda.bpm.engine.impl.cmd.StartProcessInstanceCmd.execute(StartProcessInstanceCmd.java:66)
	at org.camunda.bpm.engine.impl.cmd.StartProcessInstanceCmd.execute(StartProcessInstanceCmd.java:38)
	at org.camunda.bpm.engine.impl.interceptor.CommandExecutorImpl.execute(CommandExecutorImpl.java:28)
	at org.camunda.bpm.engine.impl.interceptor.CommandContextInterceptor.execute(CommandContextInterceptor.java:110)
	at org.camunda.bpm.engine.impl.interceptor.ProcessApplicationContextInterceptor.execute(ProcessApplicationContextInterceptor.java:70)
	at org.camunda.bpm.engine.impl.interceptor.CommandCounterInterceptor.execute(CommandCounterInterceptor.java:35)
	at org.camunda.bpm.engine.impl.interceptor.LogInterceptor.execute(LogInterceptor.java:33)
	at org.camunda.bpm.engine.impl.ProcessInstantiationBuilderImpl.executeWithVariablesInReturn(ProcessInstantiationBuilderImpl.java:166)
	at org.camunda.bpm.engine.impl.ProcessInstantiationBuilderImpl.execute(ProcessInstantiationBuilderImpl.java:132)
	at org.camunda.bpm.engine.impl.ProcessInstantiationBuilderImpl.execute(ProcessInstantiationBuilderImpl.java:128)
	at org.camunda.bpm.engine.impl.RuntimeServiceImpl.startProcessInstanceByKey(RuntimeServiceImpl.java:87)
	at com.Harsha.PersonalLoanApplication.InMemoryH2Test.testHappyPath(InMemoryH2Test.java:43)
	at sun.reflect.NativeMethodAccessorImpl.invoke0(Native Method)
	at sun.reflect.NativeMethodAccessorImpl.invoke(NativeMethodAccessorImpl.java:62)
	at sun.reflect.DelegatingMethodAccessorImpl.invoke(DelegatingMethodAccessorImpl.java:43)
	at java.lang.reflect.Method.invoke(Method.java:498)
	at org.junit.runners.model.FrameworkMethod$1.runReflectiveCall(FrameworkMethod.java:59)
	at org.junit.internal.runners.model.ReflectiveCallable.run(ReflectiveCallable.java:12)
	at org.junit.runners.model.FrameworkMethod.invokeExplosively(FrameworkMethod.java:56)
	at org.junit.internal.runners.statements.InvokeMethod.evaluate(InvokeMethod.java:17)
	at org.junit.internal.runners.statements.RunBefores.evaluate(RunBefores.java:26)
	at org.junit.rules.TestWatcher$1.evaluate(TestWatcher.java:61)
	at org.camunda.bpm.engine.test.ProcessEngineRule$1.evaluate(ProcessEngineRule.java:172)
	at org.junit.runners.ParentRunner$3.evaluate(ParentRunner.java:306)
	at org.junit.runners.BlockJUnit4ClassRunner$1.evaluate(BlockJUnit4ClassRunner.java:100)
	at org.junit.runners.ParentRunner.runLeaf(ParentRunner.java:366)
	at org.junit.runners.BlockJUnit4ClassRunner.runChild(BlockJUnit4ClassRunner.java:103)
	at org.junit.runners.BlockJUnit4ClassRunner.runChild(BlockJUnit4ClassRunner.java:63)
	at org.junit.runners.ParentRunner$4.run(ParentRunner.java:331)
	at org.junit.runners.ParentRunner$1.schedule(ParentRunner.java:79)
	at org.junit.runners.ParentRunner.runChildren(ParentRunner.java:329)
	at org.junit.runners.ParentRunner.access$100(ParentRunner.java:66)
	at org.junit.runners.ParentRunner$2.evaluate(ParentRunner.java:293)
	at org.junit.rules.TestWatcher$1.evaluate(TestWatcher.java:61)
	at org.camunda.bpm.engine.test.ProcessEngineRule$1.evaluate(ProcessEngineRule.java:172)
	at org.junit.rules.RunRules.evaluate(RunRules.java:20)
	at org.junit.runners.ParentRunner$3.evaluate(ParentRunner.java:306)
	at org.junit.runners.ParentRunner.run(ParentRunner.java:413)
	at org.apache.maven.surefire.junit4.JUnit4Provider.execute(JUnit4Provider.java:252)
	at org.apache.maven.surefire.junit4.JUnit4Provider.executeTestSet(JUnit4Provider.java:141)
	at org.apache.maven.surefire.junit4.JUnit4Provider.invoke(JUnit4Provider.java:112)
	at sun.reflect.NativeMethodAccessorImpl.invoke0(Native Method)
	at sun.reflect.NativeMethodAccessorImpl.invoke(NativeMethodAccessorImpl.java:62)
	at sun.reflect.DelegatingMethodAccessorImpl.invoke(DelegatingMethodAccessorImpl.java:43)
	at java.lang.reflect.Method.invoke(Method.java:498)
	at org.apache.maven.surefire.util.ReflectionUtils.invokeMethodWithArray(ReflectionUtils.java:189)
	at org.apache.maven.surefire.booter.ProviderFactory$ProviderProxy.invoke(ProviderFactory.java:165)
	at org.apache.maven.surefire.booter.ProviderFactory.invokeProvider(ProviderFactory.java:85)
	at org.apache.maven.surefire.booter.ForkedBooter.runSuitesInProcess(ForkedBooter.java:115)
	at org.apache.maven.surefire.booter.ForkedBooter.main(ForkedBooter.java:75)
Caused by: org.camunda.bpm.engine.impl.javax.el.PropertyNotFoundException: Cannot resolve identifier &apos;LoginCheck&apos;
	at org.camunda.bpm.engine.impl.juel.AstIdentifier.eval(AstIdentifier.java:83)
	at org.camunda.bpm.engine.impl.juel.AstEval.eval(AstEval.java:50)
	at org.camunda.bpm.engine.impl.juel.AstNode.getValue(AstNode.java:26)
	at org.camunda.bpm.engine.impl.juel.TreeValueExpression.getValue(TreeValueExpression.java:114)
	at org.camunda.bpm.engine.impl.delegate.ExpressionGetInvocation.invoke(ExpressionGetInvocation.java:40)
	at org.camunda.bpm.engine.impl.delegate.DelegateInvocation.proceed(DelegateInvocation.java:58)
	at org.camunda.bpm.engine.impl.delegate.DefaultDelegateInterceptor.handleInvocationInContext(DefaultDelegateInterceptor.java:92)
	at org.camunda.bpm.engine.impl.delegate.DefaultDelegateInterceptor.handleInvocation(DefaultDelegateInterceptor.java:63)
	at org.camunda.bpm.engine.impl.el.JuelExpression.getValue(JuelExpression.java:60)
	... 109 more
</error>
    <system-out>14:35:26.547 [main] DEBUG org.camunda.bpm.engine.test - ==== BUILDING PROCESS ENGINE ========================================================================
14:35:27.008 [main] INFO  org.camunda.bpm.engine.cfg - ENGINE-12003 Plugin &apos;SpinProcessEnginePlugin&apos; activated on process engine &apos;default&apos;
14:35:27.016 [main] INFO  org.camunda.spin - SPIN-01010 Discovered Spin data format provider: org.camunda.spin.impl.json.jackson.format.JacksonJsonDataFormatProvider[name = application/json]
14:35:27.231 [main] INFO  org.camunda.spin - SPIN-01010 Discovered Spin data format provider: org.camunda.spin.impl.xml.dom.format.DomXmlDataFormatProvider[name = application/xml]
14:35:27.241 [main] INFO  org.camunda.spin - SPIN-01009 Discovered Spin data format: org.camunda.spin.impl.xml.dom.format.DomXmlDataFormat[name = application/xml]
14:35:27.242 [main] INFO  org.camunda.spin - SPIN-01009 Discovered Spin data format: org.camunda.spin.impl.json.jackson.format.JacksonJsonDataFormat[name = application/json]
14:35:27.324 [main] INFO  org.camunda.bpm.dmn.feel.scala - FEEL/SCALA-01001 Spin value mapper detected
14:35:27.574 [main] INFO  org.camunda.feel.FeelEngine - Engine created. [value-mapper: CompositeValueMapper(List(org.camunda.feel.impl.JavaValueMapper@3bcbb589, org.camunda.spin.plugin.impl.feel.integration.SpinValueMapper@3b00856b)), function-provider: org.camunda.bpm.dmn.feel.impl.scala.function.CustomFunctionTransformer@42f8285e, clock: SystemClock, configuration: Configuration(false)]
14:35:31.594 [main] INFO  org.camunda.bpm.connect - CNCT-01004 Discovered provider for connector id &apos;http-connector&apos; and class &apos;org.camunda.connect.httpclient.impl.HttpConnectorImpl&apos;: &apos;org.camunda.connect.httpclient.impl.HttpConnectorProviderImpl&apos;
14:35:31.596 [main] INFO  org.camunda.bpm.connect - CNCT-01004 Discovered provider for connector id &apos;soap-http-connector&apos; and class &apos;org.camunda.connect.httpclient.soap.impl.SoapHttpConnectorImpl&apos;: &apos;org.camunda.connect.httpclient.soap.impl.SoapHttpConnectorProviderImpl&apos;
14:35:31.783 [main] INFO  org.camunda.bpm.engine.persistence - ENGINE-03016 Performing database operation &apos;create&apos; on component &apos;engine&apos; with resource &apos;org/camunda/bpm/engine/db/create/activiti.h2.create.engine.sql&apos;
14:35:31.831 [main] INFO  org.camunda.bpm.engine.persistence - ENGINE-03016 Performing database operation &apos;create&apos; on component &apos;history&apos; with resource &apos;org/camunda/bpm/engine/db/create/activiti.h2.create.history.sql&apos;
14:35:31.846 [main] INFO  org.camunda.bpm.engine.persistence - ENGINE-03016 Performing database operation &apos;create&apos; on component &apos;identity&apos; with resource &apos;org/camunda/bpm/engine/db/create/activiti.h2.create.identity.sql&apos;
14:35:31.868 [main] INFO  org.camunda.bpm.engine.persistence - ENGINE-03016 Performing database operation &apos;create&apos; on component &apos;case.engine&apos; with resource &apos;org/camunda/bpm/engine/db/create/activiti.h2.create.case.engine.sql&apos;
14:35:31.876 [main] INFO  org.camunda.bpm.engine.persistence - ENGINE-03016 Performing database operation &apos;create&apos; on component &apos;case.history&apos; with resource &apos;org/camunda/bpm/engine/db/create/activiti.h2.create.case.history.sql&apos;
14:35:31.883 [main] INFO  org.camunda.bpm.engine.persistence - ENGINE-03016 Performing database operation &apos;create&apos; on component &apos;decision.engine&apos; with resource &apos;org/camunda/bpm/engine/db/create/activiti.h2.create.decision.engine.sql&apos;
14:35:31.904 [main] INFO  org.camunda.bpm.engine.persistence - ENGINE-03016 Performing database operation &apos;create&apos; on component &apos;decision.history&apos; with resource &apos;org/camunda/bpm/engine/db/create/activiti.h2.create.decision.history.sql&apos;
14:35:31.949 [main] INFO  org.camunda.bpm.engine.persistence - ENGINE-03067 No history level property found in database
14:35:31.950 [main] INFO  org.camunda.bpm.engine.persistence - ENGINE-03065 Creating historyLevel property in database for level: HistoryLevelFull(name=full, id=3)
14:35:32.028 [main] INFO  org.camunda.bpm.engine - ENGINE-00001 Process Engine default created.
14:35:32.031 [main] DEBUG org.camunda.bpm.engine.test - ==== PROCESS ENGINE CREATED =========================================================================
14:35:32.040 [main] DEBUG org.camunda.bpm.engine.test - annotation @Deployment creates deployment for InMemoryH2Test.testHappyPath
14:35:32.622 [main] ERROR org.camunda.bpm.engine.context - ENGINE-16004 Exception while closing command context: Unknown property used in expression: ${LoginCheck}. Cause: Cannot resolve identifier &apos;LoginCheck&apos;
org.camunda.bpm.engine.ProcessEngineException: Unknown property used in expression: ${LoginCheck}. Cause: Cannot resolve identifier &apos;LoginCheck&apos;
	at org.camunda.bpm.engine.impl.el.JuelExpression.getValue(JuelExpression.java:63)
	at org.camunda.bpm.engine.impl.el.JuelExpression.getValue(JuelExpression.java:51)
	at org.camunda.bpm.engine.impl.bpmn.behavior.ServiceTaskDelegateExpressionActivityBehavior$3.call(ServiceTaskDelegateExpressionActivityBehavior.java:107)
	at org.camunda.bpm.engine.impl.bpmn.behavior.ServiceTaskDelegateExpressionActivityBehavior$3.call(ServiceTaskDelegateExpressionActivityBehavior.java:102)
	at org.camunda.bpm.engine.impl.bpmn.behavior.AbstractBpmnActivityBehavior.executeWithErrorPropagation(AbstractBpmnActivityBehavior.java:90)
	at org.camunda.bpm.engine.impl.bpmn.behavior.ServiceTaskDelegateExpressionActivityBehavior.performExecution(ServiceTaskDelegateExpressionActivityBehavior.java:127)
	at org.camunda.bpm.engine.impl.bpmn.behavior.TaskActivityBehavior.execute(TaskActivityBehavior.java:69)
	at org.camunda.bpm.engine.impl.pvm.runtime.operation.PvmAtomicOperationActivityExecute$2.callback(PvmAtomicOperationActivityExecute.java:61)
	at org.camunda.bpm.engine.impl.pvm.runtime.operation.PvmAtomicOperationActivityExecute$2.callback(PvmAtomicOperationActivityExecute.java:50)
	at org.camunda.bpm.engine.impl.pvm.runtime.PvmExecutionImpl.continueIfExecutionDoesNotAffectNextOperation(PvmExecutionImpl.java:2036)
	at org.camunda.bpm.engine.impl.pvm.runtime.operation.PvmAtomicOperationActivityExecute.execute(PvmAtomicOperationActivityExecute.java:42)
	at org.camunda.bpm.engine.impl.pvm.runtime.operation.PvmAtomicOperationActivityExecute.execute(PvmAtomicOperationActivityExecute.java:31)
	at org.camunda.bpm.engine.impl.interceptor.AtomicOperationInvocation.execute(AtomicOperationInvocation.java:99)
	at org.camunda.bpm.engine.impl.interceptor.CommandInvocationContext.invokeNext(CommandInvocationContext.java:131)
	at org.camunda.bpm.engine.impl.interceptor.CommandInvocationContext.performNext(CommandInvocationContext.java:111)
	at org.camunda.bpm.engine.impl.interceptor.CommandInvocationContext.performOperation(CommandInvocationContext.java:86)
	at org.camunda.bpm.engine.impl.persistence.entity.ExecutionEntity.performOperation(ExecutionEntity.java:628)
	at org.camunda.bpm.engine.impl.persistence.entity.ExecutionEntity.performOperation(ExecutionEntity.java:602)
	at org.camunda.bpm.engine.impl.pvm.runtime.PvmExecutionImpl$6.callback(PvmExecutionImpl.java:1975)
	at org.camunda.bpm.engine.impl.pvm.runtime.PvmExecutionImpl$6.callback(PvmExecutionImpl.java:1972)
	at org.camunda.bpm.engine.impl.pvm.runtime.PvmExecutionImpl.continueExecutionIfNotCanceled(PvmExecutionImpl.java:2042)
	at org.camunda.bpm.engine.impl.pvm.runtime.PvmExecutionImpl.dispatchDelayedEventsAndPerformOperation(PvmExecutionImpl.java:1991)
	at org.camunda.bpm.engine.impl.pvm.runtime.PvmExecutionImpl.dispatchDelayedEventsAndPerformOperation(PvmExecutionImpl.java:1972)
	at org.camunda.bpm.engine.impl.pvm.runtime.operation.PvmAtomicOperationTransitionNotifyListenerStart.eventNotificationsCompleted(PvmAtomicOperationTransitionNotifyListenerStart.java:60)
	at org.camunda.bpm.engine.impl.pvm.runtime.operation.PvmAtomicOperationTransitionNotifyListenerStart.eventNotificationsCompleted(PvmAtomicOperationTransitionNotifyListenerStart.java:30)
	at org.camunda.bpm.engine.impl.core.operation.AbstractEventAtomicOperation.execute(AbstractEventAtomicOperation.java:66)
	at org.camunda.bpm.engine.impl.interceptor.AtomicOperationInvocation.execute(AtomicOperationInvocation.java:99)
	at org.camunda.bpm.engine.impl.interceptor.CommandInvocationContext.invokeNext(CommandInvocationContext.java:131)
	at org.camunda.bpm.engine.impl.interceptor.CommandInvocationContext.performNext(CommandInvocationContext.java:111)
	at org.camunda.bpm.engine.impl.interceptor.CommandInvocationContext.performOperation(CommandInvocationContext.java:86)
	at org.camunda.bpm.engine.impl.interceptor.CommandInvocationContext.performOperation(CommandInvocationContext.java:76)
	at org.camunda.bpm.engine.impl.persistence.entity.ExecutionEntity.performOperationSync(ExecutionEntity.java:637)
	at org.camunda.bpm.engine.impl.persistence.entity.ExecutionEntity.performOperationSync(ExecutionEntity.java:612)
	at org.camunda.bpm.engine.impl.core.operation.AbstractEventAtomicOperation.execute(AbstractEventAtomicOperation.java:62)
	at org.camunda.bpm.engine.impl.interceptor.AtomicOperationInvocation.execute(AtomicOperationInvocation.java:99)
	at org.camunda.bpm.engine.impl.interceptor.CommandInvocationContext.invokeNext(CommandInvocationContext.java:131)
	at org.camunda.bpm.engine.impl.interceptor.CommandInvocationContext.performNext(CommandInvocationContext.java:111)
	at org.camunda.bpm.engine.impl.interceptor.CommandInvocationContext.performOperation(CommandInvocationContext.java:86)
	at org.camunda.bpm.engine.impl.interceptor.CommandInvocationContext.performOperation(CommandInvocationContext.java:76)
	at org.camunda.bpm.engine.impl.persistence.entity.ExecutionEntity.performOperationSync(ExecutionEntity.java:637)
	at org.camunda.bpm.engine.impl.persistence.entity.ExecutionEntity.performOperationSync(ExecutionEntity.java:612)
	at org.camunda.bpm.engine.impl.core.operation.AbstractEventAtomicOperation.execute(AbstractEventAtomicOperation.java:62)
	at org.camunda.bpm.engine.impl.interceptor.AtomicOperationInvocation.execute(AtomicOperationInvocation.java:99)
	at org.camunda.bpm.engine.impl.interceptor.CommandInvocationContext.invokeNext(CommandInvocationContext.java:131)
	at org.camunda.bpm.engine.impl.interceptor.CommandInvocationContext.performNext(CommandInvocationContext.java:111)
	at org.camunda.bpm.engine.impl.interceptor.CommandInvocationContext.performOperation(CommandInvocationContext.java:86)
	at org.camunda.bpm.engine.impl.persistence.entity.ExecutionEntity.performOperation(ExecutionEntity.java:628)
	at org.camunda.bpm.engine.impl.persistence.entity.ExecutionEntity.performOperation(ExecutionEntity.java:602)
	at org.camunda.bpm.engine.impl.pvm.runtime.operation.PvmAtomicOperationTransitionCreateScope.scopeCreated(PvmAtomicOperationTransitionCreateScope.java:38)
	at org.camunda.bpm.engine.impl.pvm.runtime.operation.PvmAtomicOperationCreateScope.execute(PvmAtomicOperationCreateScope.java:54)
	at org.camunda.bpm.engine.impl.pvm.runtime.operation.PvmAtomicOperationCreateScope.execute(PvmAtomicOperationCreateScope.java:28)
	at org.camunda.bpm.engine.impl.interceptor.AtomicOperationInvocation.execute(AtomicOperationInvocation.java:99)
	at org.camunda.bpm.engine.impl.interceptor.CommandInvocationContext.invokeNext(CommandInvocationContext.java:131)
	at org.camunda.bpm.engine.impl.interceptor.CommandInvocationContext.performNext(CommandInvocationContext.java:118)
	at org.camunda.bpm.engine.impl.interceptor.CommandInvocationContext.performOperation(CommandInvocationContext.java:86)
	at org.camunda.bpm.engine.impl.persistence.entity.ExecutionEntity.performOperation(ExecutionEntity.java:628)
	at org.camunda.bpm.engine.impl.persistence.entity.ExecutionEntity.performOperation(ExecutionEntity.java:602)
	at org.camunda.bpm.engine.impl.pvm.runtime.PvmExecutionImpl.start(PvmExecutionImpl.java:287)
	at org.camunda.bpm.engine.impl.persistence.entity.ExecutionEntity.start(ExecutionEntity.java:458)
	at org.camunda.bpm.engine.impl.pvm.runtime.PvmExecutionImpl.start(PvmExecutionImpl.java:263)
	at org.camunda.bpm.engine.impl.cmd.StartProcessInstanceCmd.execute(StartProcessInstanceCmd.java:66)
	at org.camunda.bpm.engine.impl.cmd.StartProcessInstanceCmd.execute(StartProcessInstanceCmd.java:38)
	at org.camunda.bpm.engine.impl.interceptor.CommandExecutorImpl.execute(CommandExecutorImpl.java:28)
	at org.camunda.bpm.engine.impl.interceptor.CommandContextInterceptor.execute(CommandContextInterceptor.java:110)
	at org.camunda.bpm.engine.impl.interceptor.ProcessApplicationContextInterceptor.execute(ProcessApplicationContextInterceptor.java:70)
	at org.camunda.bpm.engine.impl.interceptor.CommandCounterInterceptor.execute(CommandCounterInterceptor.java:35)
	at org.camunda.bpm.engine.impl.interceptor.LogInterceptor.execute(LogInterceptor.java:33)
	at org.camunda.bpm.engine.impl.ProcessInstantiationBuilderImpl.executeWithVariablesInReturn(ProcessInstantiationBuilderImpl.java:166)
	at org.camunda.bpm.engine.impl.ProcessInstantiationBuilderImpl.execute(ProcessInstantiationBuilderImpl.java:132)
	at org.camunda.bpm.engine.impl.ProcessInstantiationBuilderImpl.execute(ProcessInstantiationBuilderImpl.java:128)
	at org.camunda.bpm.engine.impl.RuntimeServiceImpl.startProcessInstanceByKey(RuntimeServiceImpl.java:87)
	at com.Harsha.PersonalLoanApplication.InMemoryH2Test.testHappyPath(InMemoryH2Test.java:43)
	at sun.reflect.NativeMethodAccessorImpl.invoke0(Native Method)
	at sun.reflect.NativeMethodAccessorImpl.invoke(NativeMethodAccessorImpl.java:62)
	at sun.reflect.DelegatingMethodAccessorImpl.invoke(DelegatingMethodAccessorImpl.java:43)
	at java.lang.reflect.Method.invoke(Method.java:498)
	at org.junit.runners.model.FrameworkMethod$1.runReflectiveCall(FrameworkMethod.java:59)
	at org.junit.internal.runners.model.ReflectiveCallable.run(ReflectiveCallable.java:12)
	at org.junit.runners.model.FrameworkMethod.invokeExplosively(FrameworkMethod.java:56)
	at org.junit.internal.runners.statements.InvokeMethod.evaluate(InvokeMethod.java:17)
	at org.junit.internal.runners.statements.RunBefores.evaluate(RunBefores.java:26)
	at org.junit.rules.TestWatcher$1.evaluate(TestWatcher.java:61)
	at org.camunda.bpm.engine.test.ProcessEngineRule$1.evaluate(ProcessEngineRule.java:172)
	at org.junit.runners.ParentRunner$3.evaluate(ParentRunner.java:306)
	at org.junit.runners.BlockJUnit4ClassRunner$1.evaluate(BlockJUnit4ClassRunner.java:100)
	at org.junit.runners.ParentRunner.runLeaf(ParentRunner.java:366)
	at org.junit.runners.BlockJUnit4ClassRunner.runChild(BlockJUnit4ClassRunner.java:103)
	at org.junit.runners.BlockJUnit4ClassRunner.runChild(BlockJUnit4ClassRunner.java:63)
	at org.junit.runners.ParentRunner$4.run(ParentRunner.java:331)
	at org.junit.runners.ParentRunner$1.schedule(ParentRunner.java:79)
	at org.junit.runners.ParentRunner.runChildren(ParentRunner.java:329)
	at org.junit.runners.ParentRunner.access$100(ParentRunner.java:66)
	at org.junit.runners.ParentRunner$2.evaluate(ParentRunner.java:293)
	at org.junit.rules.TestWatcher$1.evaluate(TestWatcher.java:61)
	at org.camunda.bpm.engine.test.ProcessEngineRule$1.evaluate(ProcessEngineRule.java:172)
	at org.junit.rules.RunRules.evaluate(RunRules.java:20)
	at org.junit.runners.ParentRunner$3.evaluate(ParentRunner.java:306)
	at org.junit.runners.ParentRunner.run(ParentRunner.java:413)
	at org.apache.maven.surefire.junit4.JUnit4Provider.execute(JUnit4Provider.java:252)
	at org.apache.maven.surefire.junit4.JUnit4Provider.executeTestSet(JUnit4Provider.java:141)
	at org.apache.maven.surefire.junit4.JUnit4Provider.invoke(JUnit4Provider.java:112)
	at sun.reflect.NativeMethodAccessorImpl.invoke0(Native Method)
	at sun.reflect.NativeMethodAccessorImpl.invoke(NativeMethodAccessorImpl.java:62)
	at sun.reflect.DelegatingMethodAccessorImpl.invoke(DelegatingMethodAccessorImpl.java:43)
	at java.lang.reflect.Method.invoke(Method.java:498)
	at org.apache.maven.surefire.util.ReflectionUtils.invokeMethodWithArray(ReflectionUtils.java:189)
	at org.apache.maven.surefire.booter.ProviderFactory$ProviderProxy.invoke(ProviderFactory.java:165)
	at org.apache.maven.surefire.booter.ProviderFactory.invokeProvider(ProviderFactory.java:85)
	at org.apache.maven.surefire.booter.ForkedBooter.runSuitesInProcess(ForkedBooter.java:115)
	at org.apache.maven.surefire.booter.ForkedBooter.main(ForkedBooter.java:75)
Caused by: org.camunda.bpm.engine.impl.javax.el.PropertyNotFoundException: Cannot resolve identifier &apos;LoginCheck&apos;
	at org.camunda.bpm.engine.impl.juel.AstIdentifier.eval(AstIdentifier.java:83)
	at org.camunda.bpm.engine.impl.juel.AstEval.eval(AstEval.java:50)
	at org.camunda.bpm.engine.impl.juel.AstNode.getValue(AstNode.java:26)
	at org.camunda.bpm.engine.impl.juel.TreeValueExpression.getValue(TreeValueExpression.java:114)
	at org.camunda.bpm.engine.impl.delegate.ExpressionGetInvocation.invoke(ExpressionGetInvocation.java:40)
	at org.camunda.bpm.engine.impl.delegate.DelegateInvocation.proceed(DelegateInvocation.java:58)
	at org.camunda.bpm.engine.impl.delegate.DefaultDelegateInterceptor.handleInvocationInContext(DefaultDelegateInterceptor.java:92)
	at org.camunda.bpm.engine.impl.delegate.DefaultDelegateInterceptor.handleInvocation(DefaultDelegateInterceptor.java:63)
	at org.camunda.bpm.engine.impl.el.JuelExpression.getValue(JuelExpression.java:60)
	... 109 common frames omitted
14:35:32.852 [main] DEBUG org.camunda.bpm.engine.test - annotation @Deployment deletes deployment for InMemoryH2Test.testHappyPath
</system-out>
    <system-err>Dec 26, 2020 2:35:32 PM org.camunda.bpm.extension.process_test_coverage.junit.rules.TestCoverageProcessEngineRule failed
INFO: testHappyPath(com.Harsha.PersonalLoanApplication.InMemoryH2Test) failed.
Dec 26, 2020 2:35:32 PM org.camunda.bpm.extension.process_test_coverage.junit.rules.TestCoverageProcessEngineRule handleTestMethodCoverage
INFO: testHappyPath test method coverage is 0.06976744186046512
</system-err>
  </testcase>
</testsuite>